[2025-04-05 15:17:49,745: INFO: main: Welcome to our custom log]
[2025-04-06 13:34:34,862: INFO: common: yaml file: config\config.yaml loaded successfully]
[2025-04-06 13:34:34,887: INFO: common: yaml file: params.yaml loaded successfully]
[2025-04-06 13:34:34,904: INFO: common: created directory at: artifacts]
[2025-04-06 13:34:34,908: INFO: common: created directory at: artifacts/data_ingestion]
[2025-04-06 13:34:34,911: INFO: 1805952150: Downloading data from https://drive.google.com/file/d/1vlhZ5c7abUKF8xXERIw6m9Te8fW7ohw3/view?usp=sharing into file artifacts/data_ingestion/data.zip]
[2025-04-06 13:35:02,654: INFO: 1805952150: Downloaded data from https://drive.google.com/file/d/1vlhZ5c7abUKF8xXERIw6m9Te8fW7ohw3/view?usp=sharing into file artifacts/data_ingestion/data.zip]
[2025-04-06 13:35:56,899: INFO: common: yaml file: config\config.yaml loaded successfully]
[2025-04-06 13:35:56,900: INFO: common: yaml file: params.yaml loaded successfully]
[2025-04-06 13:35:56,902: INFO: common: created directory at: artifacts]
[2025-04-06 13:35:56,905: INFO: common: created directory at: artifacts/data_ingestion]
[2025-04-06 13:35:56,908: INFO: 170364457: Downloading data from https://drive.google.com/file/d/1vlhZ5c7abUKF8xXERIw6m9Te8fW7ohw3/view?usp=sharing into file artifacts/data_ingestion/data.zip]
[2025-04-06 13:36:19,371: INFO: 170364457: Downloaded data from https://drive.google.com/file/d/1vlhZ5c7abUKF8xXERIw6m9Te8fW7ohw3/view?usp=sharing into file artifacts/data_ingestion/data.zip]
[2025-04-06 13:51:43,994: INFO: main: >>>>>> stage Data Ingestion stage started <<<<<<]
[2025-04-06 13:51:43,996: INFO: common: yaml file: config\config.yaml loaded successfully]
[2025-04-06 13:51:43,996: INFO: common: yaml file: params.yaml loaded successfully]
[2025-04-06 13:51:43,998: INFO: common: created directory at: artifacts]
[2025-04-06 13:51:43,998: INFO: common: created directory at: artifacts/data_ingestion]
[2025-04-06 13:51:43,999: INFO: data_ingestion: Downloading data from https://drive.google.com/file/d/1vlhZ5c7abUKF8xXERIw6m9Te8fW7ohw3/view?usp=sharing into file artifacts/data_ingestion/data.zip]
[2025-04-06 13:52:04,691: INFO: data_ingestion: Downloaded data from https://drive.google.com/file/d/1vlhZ5c7abUKF8xXERIw6m9Te8fW7ohw3/view?usp=sharing into file artifacts/data_ingestion/data.zip]
[2025-04-06 13:52:05,387: INFO: main: >>>>>> stage Data Ingestion stage completed <<<<<<

x==========x]
[2025-04-06 14:58:34,760: INFO: common: yaml file: config\config.yaml loaded successfully]
[2025-04-06 14:58:34,780: INFO: common: yaml file: params.yaml loaded successfully]
[2025-04-06 14:58:34,784: INFO: common: created directory at: artifacts]
[2025-04-06 14:58:34,787: INFO: common: created directory at: artifacts/prepare_base_model]
[2025-04-06 14:58:51,559: WARNING: saving_utils: Compiled the loaded model, but the compiled metrics have yet to be built. `model.compile_metrics` will be empty until you train or evaluate the model.]
[2025-04-06 15:09:38,992: INFO: main: >>>>>> stage Data Ingestion stage started <<<<<<]
[2025-04-06 15:09:38,995: INFO: common: yaml file: config\config.yaml loaded successfully]
[2025-04-06 15:09:38,998: INFO: common: yaml file: params.yaml loaded successfully]
[2025-04-06 15:09:39,000: INFO: common: created directory at: artifacts]
[2025-04-06 15:09:39,000: INFO: common: created directory at: artifacts/data_ingestion]
[2025-04-06 15:09:39,001: INFO: data_ingestion: Downloading data from https://drive.google.com/file/d/1vlhZ5c7abUKF8xXERIw6m9Te8fW7ohw3/view?usp=sharing into file artifacts/data_ingestion/data.zip]
[2025-04-06 15:09:58,813: INFO: data_ingestion: Downloaded data from https://drive.google.com/file/d/1vlhZ5c7abUKF8xXERIw6m9Te8fW7ohw3/view?usp=sharing into file artifacts/data_ingestion/data.zip]
[2025-04-06 15:09:59,640: INFO: main: >>>>>> stage Data Ingestion stage completed <<<<<<

x==========x]
[2025-04-06 15:09:59,640: INFO: main: *******************]
[2025-04-06 15:09:59,640: INFO: main: >>>>>> stage Prepare base model started <<<<<<]
[2025-04-06 15:09:59,644: INFO: common: yaml file: config\config.yaml loaded successfully]
[2025-04-06 15:09:59,646: INFO: common: yaml file: params.yaml loaded successfully]
[2025-04-06 15:09:59,647: INFO: common: created directory at: artifacts]
[2025-04-06 15:09:59,647: ERROR: main: 'ConfigurationManager' object has no attribute 'get_prepare_base_model_config']
Traceback (most recent call last):
  File "main.py", line 23, in <module>
    prepare_base_model.main()
  File "d:\works on\github\data science projects\kidney_disease_classification\kidney_-disease-classification\src\cnnClassifier\pipeline\stage_02_prepare_base_model.py", line 15, in main
    prepare_base_model_config = config.get_prepare_base_model_config()
AttributeError: 'ConfigurationManager' object has no attribute 'get_prepare_base_model_config'
[2025-04-06 15:12:05,603: INFO: main: >>>>>> stage Data Ingestion stage started <<<<<<]
[2025-04-06 15:12:05,603: INFO: common: yaml file: config\config.yaml loaded successfully]
[2025-04-06 15:12:05,603: INFO: common: yaml file: params.yaml loaded successfully]
[2025-04-06 15:12:05,603: INFO: common: created directory at: artifacts]
[2025-04-06 15:12:05,609: INFO: common: created directory at: artifacts/data_ingestion]
[2025-04-06 15:12:05,609: INFO: data_ingestion: Downloading data from https://drive.google.com/file/d/1vlhZ5c7abUKF8xXERIw6m9Te8fW7ohw3/view?usp=sharing into file artifacts/data_ingestion/data.zip]
[2025-04-06 15:12:23,815: INFO: data_ingestion: Downloaded data from https://drive.google.com/file/d/1vlhZ5c7abUKF8xXERIw6m9Te8fW7ohw3/view?usp=sharing into file artifacts/data_ingestion/data.zip]
[2025-04-06 15:12:24,435: INFO: main: >>>>>> stage Data Ingestion stage completed <<<<<<

x==========x]
[2025-04-06 15:12:24,435: INFO: main: *******************]
[2025-04-06 15:12:24,435: INFO: main: >>>>>> stage Prepare base model started <<<<<<]
[2025-04-06 15:12:24,435: INFO: common: yaml file: config\config.yaml loaded successfully]
[2025-04-06 15:12:24,435: INFO: common: yaml file: params.yaml loaded successfully]
[2025-04-06 15:12:24,435: INFO: common: created directory at: artifacts]
[2025-04-06 15:12:24,435: ERROR: main: 'ConfigurationManager' object has no attribute 'get_prepare_base_model_config']
Traceback (most recent call last):
  File "main.py", line 24, in <module>
    prepare_base_model.main()
  File "d:\works on\github\data science projects\kidney_disease_classification\kidney_-disease-classification\src\cnnClassifier\pipeline\stage_02_prepare_base_model.py", line 15, in main
    prepare_base_model_config = config.get_prepare_base_model_config()
AttributeError: 'ConfigurationManager' object has no attribute 'get_prepare_base_model_config'
[2025-04-06 16:07:15,572: INFO: main: >>>>>> stage Data Ingestion stage started <<<<<<]
[2025-04-06 16:07:15,575: INFO: common: yaml file: config\config.yaml loaded successfully]
[2025-04-06 16:07:15,577: INFO: common: yaml file: params.yaml loaded successfully]
[2025-04-06 16:07:15,580: INFO: common: created directory at: artifacts]
[2025-04-06 16:07:15,580: INFO: common: created directory at: artifacts/data_ingestion]
[2025-04-06 16:07:15,580: INFO: data_ingestion: Downloading data from https://drive.google.com/file/d/1vlhZ5c7abUKF8xXERIw6m9Te8fW7ohw3/view?usp=sharing into file artifacts/data_ingestion/data.zip]
[2025-04-06 16:07:36,197: INFO: data_ingestion: Downloaded data from https://drive.google.com/file/d/1vlhZ5c7abUKF8xXERIw6m9Te8fW7ohw3/view?usp=sharing into file artifacts/data_ingestion/data.zip]
[2025-04-06 16:07:36,854: INFO: main: >>>>>> stage Data Ingestion stage completed <<<<<<

x==========x]
[2025-04-06 16:07:36,854: INFO: main: *******************]
[2025-04-06 16:07:36,854: INFO: main: >>>>>> stage Prepare base model started <<<<<<]
[2025-04-06 16:07:36,858: INFO: common: yaml file: config\config.yaml loaded successfully]
[2025-04-06 16:07:36,860: INFO: common: yaml file: params.yaml loaded successfully]
[2025-04-06 16:07:36,861: INFO: common: created directory at: artifacts]
[2025-04-06 16:07:36,862: INFO: common: created directory at: artifacts/prepare_base_model]
[2025-04-06 16:07:37,710: WARNING: saving_utils: Compiled the loaded model, but the compiled metrics have yet to be built. `model.compile_metrics` will be empty until you train or evaluate the model.]
[2025-04-06 16:07:37,977: INFO: main: >>>>>> stage Prepare base model completed <<<<<<

x==========x]
[2025-04-06 17:11:59,301: INFO: common: yaml file: config\config.yaml loaded successfully]
[2025-04-06 17:11:59,314: INFO: common: yaml file: params.yaml loaded successfully]
[2025-04-06 17:11:59,317: INFO: common: created directory at: artifacts]
[2025-04-06 17:11:59,317: INFO: common: created directory at: artifacts\training]
[2025-04-06 17:14:16,314: INFO: common: yaml file: config\config.yaml loaded successfully]
[2025-04-06 17:14:16,322: INFO: common: yaml file: params.yaml loaded successfully]
[2025-04-06 17:14:16,323: INFO: common: created directory at: artifacts]
[2025-04-06 17:14:16,325: INFO: common: created directory at: artifacts\training]
[2025-04-06 17:25:47,094: INFO: main: >>>>>> stage Data Ingestion stage started <<<<<<]
[2025-04-06 17:25:47,100: INFO: common: yaml file: config\config.yaml loaded successfully]
[2025-04-06 17:25:47,106: INFO: common: yaml file: params.yaml loaded successfully]
[2025-04-06 17:25:47,106: INFO: common: created directory at: artifacts]
[2025-04-06 17:25:47,106: INFO: common: created directory at: artifacts/data_ingestion]
[2025-04-06 17:25:47,110: INFO: data_ingestion: Downloading data from https://drive.google.com/file/d/1vlhZ5c7abUKF8xXERIw6m9Te8fW7ohw3/view?usp=sharing into file artifacts/data_ingestion/data.zip]
[2025-04-06 17:26:05,080: INFO: data_ingestion: Downloaded data from https://drive.google.com/file/d/1vlhZ5c7abUKF8xXERIw6m9Te8fW7ohw3/view?usp=sharing into file artifacts/data_ingestion/data.zip]
[2025-04-06 17:26:09,075: INFO: main: >>>>>> stage Data Ingestion stage completed <<<<<<

x==========x]
[2025-04-06 17:26:09,077: INFO: main: *******************]
[2025-04-06 17:26:09,077: INFO: main: >>>>>> stage Prepare base model started <<<<<<]
[2025-04-06 17:26:09,080: INFO: common: yaml file: config\config.yaml loaded successfully]
[2025-04-06 17:26:09,082: INFO: common: yaml file: params.yaml loaded successfully]
[2025-04-06 17:26:09,082: INFO: common: created directory at: artifacts]
[2025-04-06 17:26:09,082: INFO: common: created directory at: artifacts/prepare_base_model]
[2025-04-06 17:26:11,460: WARNING: saving_utils: Compiled the loaded model, but the compiled metrics have yet to be built. `model.compile_metrics` will be empty until you train or evaluate the model.]
[2025-04-06 17:26:11,948: INFO: main: >>>>>> stage Prepare base model completed <<<<<<

x==========x]
[2025-04-06 17:26:11,948: INFO: main: *******************]
[2025-04-06 17:26:11,948: INFO: main: >>>>>> stage Training started <<<<<<]
[2025-04-06 17:26:11,953: INFO: common: yaml file: config\config.yaml loaded successfully]
[2025-04-06 17:26:11,957: INFO: common: yaml file: params.yaml loaded successfully]
[2025-04-06 17:26:11,959: INFO: common: created directory at: artifacts]
[2025-04-06 17:26:11,960: INFO: common: created directory at: artifacts\training]
[2025-04-06 17:27:49,984: INFO: main: >>>>>> stage Training completed <<<<<<

x==========x]
[2025-04-08 12:49:49,947: INFO: common: yaml file: config\config.yaml loaded successfully]
[2025-04-08 12:49:49,985: INFO: common: yaml file: params.yaml loaded successfully]
[2025-04-08 12:49:49,994: INFO: common: created directory at: artifacts]
[2025-04-08 12:50:23,698: INFO: common: json file saved at: scores.json]
[2025-04-08 12:50:29,487: WARNING: save: Found untraced functions such as _jit_compiled_convolution_op, _jit_compiled_convolution_op, _jit_compiled_convolution_op, _jit_compiled_convolution_op, _jit_compiled_convolution_op while saving (showing 5 of 14). These functions will not be directly callable after loading.]
[2025-04-08 12:50:30,561: INFO: builder_impl: Assets written to: C:\Users\Tharuka\AppData\Local\Temp\tmppq1nx3po\model\data\model\assets]
[2025-04-08 12:58:11,635: INFO: common: yaml file: config\config.yaml loaded successfully]
[2025-04-08 12:58:11,671: INFO: common: yaml file: params.yaml loaded successfully]
[2025-04-08 12:58:11,675: INFO: common: created directory at: artifacts]
[2025-04-08 12:58:46,359: INFO: common: json file saved at: scores.json]
[2025-04-08 12:58:51,665: WARNING: save: Found untraced functions such as _jit_compiled_convolution_op, _jit_compiled_convolution_op, _jit_compiled_convolution_op, _jit_compiled_convolution_op, _jit_compiled_convolution_op while saving (showing 5 of 14). These functions will not be directly callable after loading.]
[2025-04-08 12:58:52,645: INFO: builder_impl: Assets written to: C:\Users\Tharuka\AppData\Local\Temp\tmptptzr4gr\model\data\model\assets]
[2025-04-08 13:02:36,656: INFO: common: yaml file: config\config.yaml loaded successfully]
[2025-04-08 13:02:36,711: INFO: common: yaml file: params.yaml loaded successfully]
[2025-04-08 13:02:36,711: INFO: common: created directory at: artifacts]
[2025-04-08 13:03:11,337: INFO: common: json file saved at: scores.json]
[2025-04-08 13:03:24,508: WARNING: save: Found untraced functions such as _jit_compiled_convolution_op, _jit_compiled_convolution_op, _jit_compiled_convolution_op, _jit_compiled_convolution_op, _jit_compiled_convolution_op while saving (showing 5 of 14). These functions will not be directly callable after loading.]
[2025-04-08 13:03:27,531: INFO: builder_impl: Assets written to: C:\Users\Tharuka\AppData\Local\Temp\tmpq_lijpli\model\data\model\assets]
[2025-04-08 13:23:55,496: INFO: main: >>>>>> stage Data Ingestion stage started <<<<<<]
[2025-04-08 13:23:55,500: INFO: common: yaml file: config\config.yaml loaded successfully]
[2025-04-08 13:23:55,506: INFO: common: yaml file: params.yaml loaded successfully]
[2025-04-08 13:23:55,509: INFO: common: created directory at: artifacts]
[2025-04-08 13:23:55,509: INFO: common: created directory at: artifacts/data_ingestion]
[2025-04-08 13:23:55,510: INFO: data_ingestion: Downloading data from https://drive.google.com/file/d/1vlhZ5c7abUKF8xXERIw6m9Te8fW7ohw3/view?usp=sharing into file artifacts/data_ingestion/data.zip]
[2025-04-08 13:24:12,195: INFO: data_ingestion: Downloaded data from https://drive.google.com/file/d/1vlhZ5c7abUKF8xXERIw6m9Te8fW7ohw3/view?usp=sharing into file artifacts/data_ingestion/data.zip]
[2025-04-08 13:24:13,189: INFO: main: >>>>>> stage Data Ingestion stage completed <<<<<<

x==========x]
[2025-04-08 13:24:13,189: INFO: main: *******************]
[2025-04-08 13:24:13,189: INFO: main: >>>>>> stage Prepare base model started <<<<<<]
[2025-04-08 13:24:13,194: INFO: common: yaml file: config\config.yaml loaded successfully]
[2025-04-08 13:24:13,197: INFO: common: yaml file: params.yaml loaded successfully]
[2025-04-08 13:24:13,198: INFO: common: created directory at: artifacts]
[2025-04-08 13:24:13,198: INFO: common: created directory at: artifacts/prepare_base_model]
[2025-04-08 13:24:14,417: WARNING: saving_utils: Compiled the loaded model, but the compiled metrics have yet to be built. `model.compile_metrics` will be empty until you train or evaluate the model.]
[2025-04-08 13:24:14,890: INFO: main: >>>>>> stage Prepare base model completed <<<<<<

x==========x]
[2025-04-08 13:24:14,891: INFO: main: *******************]
[2025-04-08 13:24:14,891: INFO: main: >>>>>> stage Training started <<<<<<]
[2025-04-08 13:24:14,895: INFO: common: yaml file: config\config.yaml loaded successfully]
[2025-04-08 13:24:14,899: INFO: common: yaml file: params.yaml loaded successfully]
[2025-04-08 13:24:14,900: INFO: common: created directory at: artifacts]
[2025-04-08 13:24:14,903: INFO: common: created directory at: artifacts\training]
[2025-04-08 13:25:42,053: INFO: main: >>>>>> stage Training completed <<<<<<

x==========x]
[2025-04-08 13:25:42,054: INFO: main: *******************]
[2025-04-08 13:25:42,054: INFO: main: >>>>>> stage Evaluation stage started <<<<<<]
[2025-04-08 13:25:42,054: ERROR: main: name 'EvaluationPipeline' is not defined]
Traceback (most recent call last):
  File "main.py", line 46, in <module>
    model_evalution = EvaluationPipeline()
NameError: name 'EvaluationPipeline' is not defined
[2025-04-08 13:26:50,924: INFO: main: >>>>>> stage Data Ingestion stage started <<<<<<]
[2025-04-08 13:26:50,928: INFO: common: yaml file: config\config.yaml loaded successfully]
[2025-04-08 13:26:50,932: INFO: common: yaml file: params.yaml loaded successfully]
[2025-04-08 13:26:50,934: INFO: common: created directory at: artifacts]
[2025-04-08 13:26:50,934: INFO: common: created directory at: artifacts/data_ingestion]
[2025-04-08 13:26:50,935: INFO: data_ingestion: Downloading data from https://drive.google.com/file/d/1vlhZ5c7abUKF8xXERIw6m9Te8fW7ohw3/view?usp=sharing into file artifacts/data_ingestion/data.zip]
[2025-04-08 13:27:05,604: INFO: data_ingestion: Downloaded data from https://drive.google.com/file/d/1vlhZ5c7abUKF8xXERIw6m9Te8fW7ohw3/view?usp=sharing into file artifacts/data_ingestion/data.zip]
[2025-04-08 13:27:06,440: INFO: main: >>>>>> stage Data Ingestion stage completed <<<<<<

x==========x]
[2025-04-08 13:27:06,441: INFO: main: *******************]
[2025-04-08 13:27:06,441: INFO: main: >>>>>> stage Prepare base model started <<<<<<]
[2025-04-08 13:27:06,444: INFO: common: yaml file: config\config.yaml loaded successfully]
[2025-04-08 13:27:06,445: INFO: common: yaml file: params.yaml loaded successfully]
[2025-04-08 13:27:06,446: INFO: common: created directory at: artifacts]
[2025-04-08 13:27:06,446: INFO: common: created directory at: artifacts/prepare_base_model]
[2025-04-08 13:27:07,508: WARNING: saving_utils: Compiled the loaded model, but the compiled metrics have yet to be built. `model.compile_metrics` will be empty until you train or evaluate the model.]
[2025-04-08 13:27:07,792: INFO: main: >>>>>> stage Prepare base model completed <<<<<<

x==========x]
[2025-04-08 13:27:07,792: INFO: main: *******************]
[2025-04-08 13:27:07,793: INFO: main: >>>>>> stage Training started <<<<<<]
[2025-04-08 13:27:07,796: INFO: common: yaml file: config\config.yaml loaded successfully]
[2025-04-08 13:27:07,799: INFO: common: yaml file: params.yaml loaded successfully]
[2025-04-08 13:27:07,800: INFO: common: created directory at: artifacts]
[2025-04-08 13:27:07,802: INFO: common: created directory at: artifacts\training]
[2025-04-08 13:28:29,783: INFO: main: >>>>>> stage Training completed <<<<<<

x==========x]
[2025-04-08 13:28:29,783: INFO: main: *******************]
[2025-04-08 13:28:29,785: INFO: main: >>>>>> stage Evaluation stage started <<<<<<]
[2025-04-08 13:28:29,790: INFO: common: yaml file: config\config.yaml loaded successfully]
[2025-04-08 13:28:29,794: INFO: common: yaml file: params.yaml loaded successfully]
[2025-04-08 13:28:29,795: INFO: common: created directory at: artifacts]
[2025-04-08 13:28:56,127: INFO: common: json file saved at: scores.json]
[2025-04-08 13:28:56,127: INFO: common: json file saved at: scores.json]
[2025-04-08 13:28:56,128: INFO: main: >>>>>> stage Evaluation stage completed <<<<<<

x==========x]
[2025-04-08 13:41:04,567: INFO: main: >>>>>> stage Data Ingestion stage started <<<<<<]
[2025-04-08 13:41:04,573: INFO: common: yaml file: config\config.yaml loaded successfully]
[2025-04-08 13:41:04,579: INFO: common: yaml file: params.yaml loaded successfully]
[2025-04-08 13:41:04,581: INFO: common: created directory at: artifacts]
[2025-04-08 13:41:04,583: INFO: common: created directory at: artifacts/data_ingestion]
[2025-04-08 13:41:04,583: INFO: data_ingestion: Downloading data from https://drive.google.com/file/d/1vlhZ5c7abUKF8xXERIw6m9Te8fW7ohw3/view?usp=sharing into file artifacts/data_ingestion/data.zip]
[2025-04-08 13:41:23,298: INFO: data_ingestion: Downloaded data from https://drive.google.com/file/d/1vlhZ5c7abUKF8xXERIw6m9Te8fW7ohw3/view?usp=sharing into file artifacts/data_ingestion/data.zip]
[2025-04-08 13:41:38,619: INFO: main: >>>>>> stage Data Ingestion stage completed <<<<<<

x==========x]
[2025-04-08 13:41:38,620: INFO: main: *******************]
[2025-04-08 13:41:38,620: INFO: main: >>>>>> stage Prepare base model started <<<<<<]
[2025-04-08 13:41:38,629: INFO: common: yaml file: config\config.yaml loaded successfully]
[2025-04-08 13:41:38,635: INFO: common: yaml file: params.yaml loaded successfully]
[2025-04-08 13:41:38,637: INFO: common: created directory at: artifacts]
[2025-04-08 13:41:38,638: INFO: common: created directory at: artifacts/prepare_base_model]
[2025-04-08 13:41:40,421: WARNING: saving_utils: Compiled the loaded model, but the compiled metrics have yet to be built. `model.compile_metrics` will be empty until you train or evaluate the model.]
[2025-04-08 13:41:40,958: INFO: main: >>>>>> stage Prepare base model completed <<<<<<

x==========x]
[2025-04-08 13:41:40,958: INFO: main: *******************]
[2025-04-08 13:41:40,958: INFO: main: >>>>>> stage Training started <<<<<<]
[2025-04-08 13:41:40,963: INFO: common: yaml file: config\config.yaml loaded successfully]
[2025-04-08 13:41:40,968: INFO: common: yaml file: params.yaml loaded successfully]
[2025-04-08 13:41:40,969: INFO: common: created directory at: artifacts]
[2025-04-08 13:41:40,972: INFO: common: created directory at: artifacts\training]
[2025-04-08 13:43:22,965: INFO: main: >>>>>> stage Training completed <<<<<<

x==========x]
[2025-04-08 13:43:22,967: INFO: main: *******************]
[2025-04-08 13:43:22,968: INFO: main: >>>>>> stage Evaluation stage started <<<<<<]
[2025-04-08 13:43:22,975: INFO: common: yaml file: config\config.yaml loaded successfully]
[2025-04-08 13:43:22,982: INFO: common: yaml file: params.yaml loaded successfully]
[2025-04-08 13:43:22,983: INFO: common: created directory at: artifacts]
[2025-04-08 13:43:50,733: INFO: common: json file saved at: scores.json]
[2025-04-08 13:43:50,735: INFO: common: json file saved at: scores.json]
[2025-04-08 13:43:50,735: INFO: main: >>>>>> stage Evaluation stage completed <<<<<<

x==========x]
[2025-04-08 14:24:02,565: INFO: main: >>>>>> stage Data Ingestion stage started <<<<<<]
[2025-04-08 14:24:02,571: INFO: common: yaml file: config\config.yaml loaded successfully]
[2025-04-08 14:24:02,577: INFO: common: yaml file: params.yaml loaded successfully]
[2025-04-08 14:24:02,578: INFO: common: created directory at: artifacts]
[2025-04-08 14:24:02,578: INFO: common: created directory at: artifacts/data_ingestion]
[2025-04-08 14:24:02,580: INFO: data_ingestion: Downloading data from https://drive.google.com/file/d/1vlhZ5c7abUKF8xXERIw6m9Te8fW7ohw3/view?usp=sharing into file artifacts/data_ingestion/data.zip]
[2025-04-08 14:24:18,099: INFO: data_ingestion: Downloaded data from https://drive.google.com/file/d/1vlhZ5c7abUKF8xXERIw6m9Te8fW7ohw3/view?usp=sharing into file artifacts/data_ingestion/data.zip]
[2025-04-08 14:24:19,377: INFO: main: >>>>>> stage Data Ingestion stage completed <<<<<<

x==========x]
[2025-04-08 14:24:19,377: INFO: main: *******************]
[2025-04-08 14:24:19,377: INFO: main: >>>>>> stage Prepare base model started <<<<<<]
[2025-04-08 14:24:19,387: INFO: common: yaml file: config\config.yaml loaded successfully]
[2025-04-08 14:24:19,398: INFO: common: yaml file: params.yaml loaded successfully]
[2025-04-08 14:24:19,399: INFO: common: created directory at: artifacts]
[2025-04-08 14:24:19,400: INFO: common: created directory at: artifacts/prepare_base_model]
[2025-04-08 14:24:20,746: WARNING: saving_utils: Compiled the loaded model, but the compiled metrics have yet to be built. `model.compile_metrics` will be empty until you train or evaluate the model.]
[2025-04-08 14:24:21,242: INFO: main: >>>>>> stage Prepare base model completed <<<<<<

x==========x]
[2025-04-08 14:24:21,243: INFO: main: *******************]
[2025-04-08 14:24:21,243: INFO: main: >>>>>> stage Training started <<<<<<]
[2025-04-08 14:24:21,246: INFO: common: yaml file: config\config.yaml loaded successfully]
[2025-04-08 14:24:21,248: INFO: common: yaml file: params.yaml loaded successfully]
[2025-04-08 14:24:21,250: INFO: common: created directory at: artifacts]
[2025-04-08 14:24:21,250: INFO: common: created directory at: artifacts\training]
[2025-04-08 14:25:49,909: INFO: main: >>>>>> stage Training completed <<<<<<

x==========x]
[2025-04-08 14:25:49,910: INFO: main: *******************]
[2025-04-08 14:25:49,910: INFO: main: >>>>>> stage Evaluation stage started <<<<<<]
[2025-04-08 14:25:49,913: INFO: common: yaml file: config\config.yaml loaded successfully]
[2025-04-08 14:25:49,915: INFO: common: yaml file: params.yaml loaded successfully]
[2025-04-08 14:25:49,915: INFO: common: created directory at: artifacts]
[2025-04-08 14:26:17,227: INFO: common: json file saved at: scores.json]
[2025-04-08 14:26:17,229: INFO: common: json file saved at: scores.json]
[2025-04-08 14:26:17,229: INFO: main: >>>>>> stage Evaluation stage completed <<<<<<

x==========x]
[2025-04-08 14:30:18,267: INFO: main: >>>>>> stage Data Ingestion stage started <<<<<<]
[2025-04-08 14:30:18,270: INFO: common: yaml file: config\config.yaml loaded successfully]
[2025-04-08 14:30:18,273: INFO: common: yaml file: params.yaml loaded successfully]
[2025-04-08 14:30:18,275: INFO: common: created directory at: artifacts]
[2025-04-08 14:30:18,275: INFO: common: created directory at: artifacts/data_ingestion]
[2025-04-08 14:30:18,277: INFO: data_ingestion: Downloading data from https://drive.google.com/file/d/1vlhZ5c7abUKF8xXERIw6m9Te8fW7ohw3/view?usp=sharing into file artifacts/data_ingestion/data.zip]
[2025-04-08 14:30:38,651: INFO: data_ingestion: Downloaded data from https://drive.google.com/file/d/1vlhZ5c7abUKF8xXERIw6m9Te8fW7ohw3/view?usp=sharing into file artifacts/data_ingestion/data.zip]
[2025-04-08 14:30:39,405: INFO: main: >>>>>> stage Data Ingestion stage completed <<<<<<

x==========x]
[2025-04-08 14:30:39,405: INFO: main: *******************]
[2025-04-08 14:30:39,406: INFO: main: >>>>>> stage Prepare base model started <<<<<<]
[2025-04-08 14:30:39,410: INFO: common: yaml file: config\config.yaml loaded successfully]
[2025-04-08 14:30:39,413: INFO: common: yaml file: params.yaml loaded successfully]
[2025-04-08 14:30:39,413: INFO: common: created directory at: artifacts]
[2025-04-08 14:30:39,414: INFO: common: created directory at: artifacts/prepare_base_model]
[2025-04-08 14:30:40,390: WARNING: saving_utils: Compiled the loaded model, but the compiled metrics have yet to be built. `model.compile_metrics` will be empty until you train or evaluate the model.]
[2025-04-08 14:30:40,677: INFO: main: >>>>>> stage Prepare base model completed <<<<<<

x==========x]
[2025-04-08 14:30:40,677: INFO: main: *******************]
[2025-04-08 14:30:40,677: INFO: main: >>>>>> stage Training started <<<<<<]
[2025-04-08 14:30:40,680: INFO: common: yaml file: config\config.yaml loaded successfully]
[2025-04-08 14:30:40,682: INFO: common: yaml file: params.yaml loaded successfully]
[2025-04-08 14:30:40,682: INFO: common: created directory at: artifacts]
[2025-04-08 14:30:40,682: INFO: common: created directory at: artifacts\training]
[2025-04-08 14:32:01,829: INFO: main: >>>>>> stage Training completed <<<<<<

x==========x]
[2025-04-08 14:32:01,829: INFO: main: *******************]
[2025-04-08 14:32:01,829: INFO: main: >>>>>> stage Evaluation stage started <<<<<<]
[2025-04-08 14:32:01,832: INFO: common: yaml file: config\config.yaml loaded successfully]
[2025-04-08 14:32:01,835: INFO: common: yaml file: params.yaml loaded successfully]
[2025-04-08 14:32:01,835: INFO: common: created directory at: artifacts]
[2025-04-08 14:32:27,358: INFO: common: json file saved at: scores.json]
[2025-04-08 14:32:27,359: INFO: common: json file saved at: scores.json]
[2025-04-08 14:32:31,780: WARNING: save: Found untraced functions such as _jit_compiled_convolution_op, _jit_compiled_convolution_op, _jit_compiled_convolution_op, _jit_compiled_convolution_op, _jit_compiled_convolution_op while saving (showing 5 of 14). These functions will not be directly callable after loading.]
[2025-04-08 14:32:32,718: INFO: builder_impl: Assets written to: C:\Users\Tharuka\AppData\Local\Temp\tmp2s509qc3\model\data\model\assets]
[2025-04-08 14:33:45,211: INFO: main: >>>>>> stage Evaluation stage completed <<<<<<

x==========x]
[2025-04-08 14:35:39,213: INFO: main: >>>>>> stage Data Ingestion stage started <<<<<<]
[2025-04-08 14:35:39,217: INFO: common: yaml file: config\config.yaml loaded successfully]
[2025-04-08 14:35:39,234: INFO: common: yaml file: params.yaml loaded successfully]
[2025-04-08 14:35:39,235: INFO: common: created directory at: artifacts]
[2025-04-08 14:35:39,235: INFO: common: created directory at: artifacts/data_ingestion]
[2025-04-08 14:35:39,235: INFO: data_ingestion: Downloading data from https://drive.google.com/file/d/1vlhZ5c7abUKF8xXERIw6m9Te8fW7ohw3/view?usp=sharing into file artifacts/data_ingestion/data.zip]
[2025-04-08 14:35:55,292: INFO: data_ingestion: Downloaded data from https://drive.google.com/file/d/1vlhZ5c7abUKF8xXERIw6m9Te8fW7ohw3/view?usp=sharing into file artifacts/data_ingestion/data.zip]
[2025-04-08 14:35:55,962: INFO: main: >>>>>> stage Data Ingestion stage completed <<<<<<

x==========x]
[2025-04-08 14:35:55,963: INFO: main: *******************]
[2025-04-08 14:35:55,963: INFO: main: >>>>>> stage Prepare base model started <<<<<<]
[2025-04-08 14:35:55,965: INFO: common: yaml file: config\config.yaml loaded successfully]
[2025-04-08 14:35:55,967: INFO: common: yaml file: params.yaml loaded successfully]
[2025-04-08 14:35:55,968: INFO: common: created directory at: artifacts]
[2025-04-08 14:35:55,968: INFO: common: created directory at: artifacts/prepare_base_model]
[2025-04-08 14:35:56,779: WARNING: saving_utils: Compiled the loaded model, but the compiled metrics have yet to be built. `model.compile_metrics` will be empty until you train or evaluate the model.]
[2025-04-08 14:35:57,189: INFO: main: >>>>>> stage Prepare base model completed <<<<<<

x==========x]
[2025-04-08 14:35:57,189: INFO: main: *******************]
[2025-04-08 14:35:57,189: INFO: main: >>>>>> stage Training started <<<<<<]
[2025-04-08 14:35:57,192: INFO: common: yaml file: config\config.yaml loaded successfully]
[2025-04-08 14:35:57,193: INFO: common: yaml file: params.yaml loaded successfully]
[2025-04-08 14:35:57,194: INFO: common: created directory at: artifacts]
[2025-04-08 14:35:57,194: INFO: common: created directory at: artifacts\training]
[2025-04-08 14:38:59,331: INFO: main: >>>>>> stage Training completed <<<<<<

x==========x]
[2025-04-08 14:38:59,332: INFO: main: *******************]
[2025-04-08 14:38:59,333: INFO: main: >>>>>> stage Evaluation stage started <<<<<<]
[2025-04-08 14:38:59,339: INFO: common: yaml file: config\config.yaml loaded successfully]
[2025-04-08 14:38:59,345: INFO: common: yaml file: params.yaml loaded successfully]
[2025-04-08 14:38:59,347: INFO: common: created directory at: artifacts]
[2025-04-08 14:39:30,636: INFO: common: json file saved at: scores.json]
[2025-04-08 14:39:30,638: INFO: common: json file saved at: scores.json]
[2025-04-08 14:39:36,396: WARNING: save: Found untraced functions such as _jit_compiled_convolution_op, _jit_compiled_convolution_op, _jit_compiled_convolution_op, _jit_compiled_convolution_op, _jit_compiled_convolution_op while saving (showing 5 of 14). These functions will not be directly callable after loading.]
[2025-04-08 14:39:37,230: INFO: builder_impl: Assets written to: C:\Users\Tharuka\AppData\Local\Temp\tmpueawpcp2\model\data\model\assets]
[2025-04-08 14:40:47,903: INFO: main: >>>>>> stage Evaluation stage completed <<<<<<

x==========x]
[2025-04-08 14:41:58,727: INFO: main: >>>>>> stage Data Ingestion stage started <<<<<<]
[2025-04-08 14:41:58,732: INFO: common: yaml file: config\config.yaml loaded successfully]
[2025-04-08 14:41:58,752: INFO: common: yaml file: params.yaml loaded successfully]
[2025-04-08 14:41:58,752: INFO: common: created directory at: artifacts]
[2025-04-08 14:41:58,753: INFO: common: created directory at: artifacts/data_ingestion]
[2025-04-08 14:41:58,753: INFO: data_ingestion: Downloading data from https://drive.google.com/file/d/1vlhZ5c7abUKF8xXERIw6m9Te8fW7ohw3/view?usp=sharing into file artifacts/data_ingestion/data.zip]
[2025-04-08 14:42:14,017: INFO: data_ingestion: Downloaded data from https://drive.google.com/file/d/1vlhZ5c7abUKF8xXERIw6m9Te8fW7ohw3/view?usp=sharing into file artifacts/data_ingestion/data.zip]
[2025-04-08 14:42:14,690: INFO: main: >>>>>> stage Data Ingestion stage completed <<<<<<

x==========x]
[2025-04-08 14:42:14,690: INFO: main: *******************]
[2025-04-08 14:42:14,690: INFO: main: >>>>>> stage Prepare base model started <<<<<<]
[2025-04-08 14:42:14,693: INFO: common: yaml file: config\config.yaml loaded successfully]
[2025-04-08 14:42:14,695: INFO: common: yaml file: params.yaml loaded successfully]
[2025-04-08 14:42:14,695: INFO: common: created directory at: artifacts]
[2025-04-08 14:42:14,696: INFO: common: created directory at: artifacts/prepare_base_model]
[2025-04-08 14:42:15,458: WARNING: saving_utils: Compiled the loaded model, but the compiled metrics have yet to be built. `model.compile_metrics` will be empty until you train or evaluate the model.]
[2025-04-08 14:42:15,795: INFO: main: >>>>>> stage Prepare base model completed <<<<<<

x==========x]
[2025-04-08 14:42:15,795: INFO: main: *******************]
[2025-04-08 14:42:15,795: INFO: main: >>>>>> stage Training started <<<<<<]
[2025-04-08 14:42:15,797: INFO: common: yaml file: config\config.yaml loaded successfully]
[2025-04-08 14:42:15,798: INFO: common: yaml file: params.yaml loaded successfully]
[2025-04-08 14:42:15,800: INFO: common: created directory at: artifacts]
[2025-04-08 14:42:15,800: INFO: common: created directory at: artifacts\training]
[2025-04-08 14:46:29,108: INFO: main: >>>>>> stage Training completed <<<<<<

x==========x]
[2025-04-08 14:46:29,108: INFO: main: *******************]
[2025-04-08 14:46:29,108: INFO: main: >>>>>> stage Evaluation stage started <<<<<<]
[2025-04-08 14:46:29,108: INFO: common: yaml file: config\config.yaml loaded successfully]
[2025-04-08 14:46:29,108: INFO: common: yaml file: params.yaml loaded successfully]
[2025-04-08 14:46:29,108: INFO: common: created directory at: artifacts]
[2025-04-08 14:46:56,650: INFO: common: json file saved at: scores.json]
[2025-04-08 14:46:56,651: INFO: common: json file saved at: scores.json]
[2025-04-08 14:47:01,840: WARNING: save: Found untraced functions such as _jit_compiled_convolution_op, _jit_compiled_convolution_op, _jit_compiled_convolution_op, _jit_compiled_convolution_op, _jit_compiled_convolution_op while saving (showing 5 of 14). These functions will not be directly callable after loading.]
[2025-04-08 14:47:02,754: INFO: builder_impl: Assets written to: C:\Users\Tharuka\AppData\Local\Temp\tmp_9xatxc9\model\data\model\assets]
[2025-04-08 14:48:07,894: INFO: main: >>>>>> stage Evaluation stage completed <<<<<<

x==========x]
[2025-04-08 16:59:25,743: INFO: stage_01_data_ingestion: >>>>>> stage Data Ingestion stage started <<<<<<]
[2025-04-08 16:59:25,747: INFO: common: yaml file: config\config.yaml loaded successfully]
[2025-04-08 16:59:25,751: INFO: common: yaml file: params.yaml loaded successfully]
[2025-04-08 16:59:25,751: INFO: common: created directory at: artifacts]
[2025-04-08 16:59:25,752: INFO: common: created directory at: artifacts/data_ingestion]
[2025-04-08 16:59:25,752: INFO: data_ingestion: Downloading data from https://drive.google.com/file/d/1vlhZ5c7abUKF8xXERIw6m9Te8fW7ohw3/view?usp=sharing into file artifacts/data_ingestion/data.zip]
[2025-04-08 16:59:42,455: INFO: data_ingestion: Downloaded data from https://drive.google.com/file/d/1vlhZ5c7abUKF8xXERIw6m9Te8fW7ohw3/view?usp=sharing into file artifacts/data_ingestion/data.zip]
[2025-04-08 16:59:43,228: INFO: stage_01_data_ingestion: >>>>>> stage Data Ingestion stage completed <<<<<<

x==========x]
[2025-04-08 17:00:33,120: INFO: stage_02_prepare_base_model: *******************]
[2025-04-08 17:00:33,120: INFO: stage_02_prepare_base_model: >>>>>> stage Prepare base model started <<<<<<]
[2025-04-08 17:00:33,125: INFO: common: yaml file: config\config.yaml loaded successfully]
[2025-04-08 17:00:33,127: INFO: common: yaml file: params.yaml loaded successfully]
[2025-04-08 17:00:33,129: INFO: common: created directory at: artifacts]
[2025-04-08 17:00:33,129: INFO: common: created directory at: artifacts/prepare_base_model]
[2025-04-08 17:00:34,151: WARNING: saving_utils: Compiled the loaded model, but the compiled metrics have yet to be built. `model.compile_metrics` will be empty until you train or evaluate the model.]
[2025-04-08 17:00:35,963: INFO: stage_02_prepare_base_model: >>>>>> stage Prepare base model completed <<<<<<

x==========x]
[2025-04-08 17:00:56,227: INFO: stage_03_model_training: *******************]
[2025-04-08 17:00:56,228: INFO: stage_03_model_training: >>>>>> stage Training started <<<<<<]
[2025-04-08 17:00:56,230: INFO: common: yaml file: config\config.yaml loaded successfully]
[2025-04-08 17:00:56,233: INFO: common: yaml file: params.yaml loaded successfully]
[2025-04-08 17:00:56,234: INFO: common: created directory at: artifacts]
[2025-04-08 17:00:56,234: INFO: common: created directory at: artifacts\training]
[2025-04-08 17:05:20,520: INFO: stage_03_model_training: >>>>>> stage Training completed <<<<<<

x==========x]
[2025-04-08 17:05:42,467: INFO: stage_04_model_evaluation: *******************]
[2025-04-08 17:05:42,469: INFO: stage_04_model_evaluation: >>>>>> stage Evaluation stage started <<<<<<]
[2025-04-08 17:05:42,473: INFO: common: yaml file: config\config.yaml loaded successfully]
[2025-04-08 17:05:42,482: INFO: common: yaml file: params.yaml loaded successfully]
[2025-04-08 17:05:42,484: INFO: common: created directory at: artifacts]
[2025-04-08 17:06:15,701: INFO: common: json file saved at: scores.json]
[2025-04-08 17:06:15,704: INFO: common: json file saved at: scores.json]
[2025-04-08 17:06:15,704: INFO: stage_04_model_evaluation: >>>>>> stage Evaluation stage completed <<<<<<

x==========x]
